2019-09-10 09:53:21,431 ERROR 8276 [-/192.168.2.54/-/3ms GET /sms/addSms?] nodejs.TypeError: Cannot read property 'trim' of undefined
    at SmsController.addSms (E:\www\egg-qcs\app\controller\sms.js:22:31)
    at Object.callFn (E:\www\egg-qcs\node_modules\egg-core\lib\utils\index.js:46:21)
    at Object.classControllerMiddleware (E:\www\egg-qcs\node_modules\egg-core\lib\loader\mixin\controller.js:87:20)
    at Object.callFn (E:\www\egg-qcs\node_modules\egg-core\lib\utils\index.js:46:21)
    at wrappedController (E:\www\egg-qcs\node_modules\egg-core\lib\utils\router.js:322:18)
    at dispatch (E:\www\egg-qcs\node_modules\koa-router\node_modules\koa-compose\index.js:44:32)
    at next (E:\www\egg-qcs\node_modules\koa-router\node_modules\koa-compose\index.js:45:18)
    at E:\www\egg-qcs\node_modules\koa-router\lib\router.js:346:16
    at dispatch (E:\www\egg-qcs\node_modules\koa-router\node_modules\koa-compose\index.js:44:32)
    at E:\www\egg-qcs\node_modules\koa-router\node_modules\koa-compose\index.js:36:12

pid: 8276
hostname: USER-20180711MK

2019-09-10 10:34:12,241 ERROR 8276 [-/192.168.2.54/-/1ms GET /sms/querySms??phone=17328791304] nodejs.TypeError: Cannot read property 'trim' of undefined
    at SmsController.querySms (E:\www\egg-qcs\app\controller\sms.js:76:31)
    at Object.callFn (E:\www\egg-qcs\node_modules\egg-core\lib\utils\index.js:46:21)
    at Object.classControllerMiddleware (E:\www\egg-qcs\node_modules\egg-core\lib\loader\mixin\controller.js:87:20)
    at Object.callFn (E:\www\egg-qcs\node_modules\egg-core\lib\utils\index.js:46:21)
    at wrappedController (E:\www\egg-qcs\node_modules\egg-core\lib\utils\router.js:322:18)
    at dispatch (E:\www\egg-qcs\node_modules\koa-router\node_modules\koa-compose\index.js:44:32)
    at next (E:\www\egg-qcs\node_modules\koa-router\node_modules\koa-compose\index.js:45:18)
    at E:\www\egg-qcs\node_modules\koa-router\lib\router.js:346:16
    at dispatch (E:\www\egg-qcs\node_modules\koa-router\node_modules\koa-compose\index.js:44:32)
    at E:\www\egg-qcs\node_modules\koa-router\node_modules\koa-compose\index.js:36:12

pid: 8276
hostname: USER-20180711MK

2019-09-10 14:16:28,576 ERROR 8636 nodejs.ClusterClientNoResponseError: client no response in 8451149ms exceeding maxIdleTime 60000ms, maybe the connection is close on other side.
    at Timeout.Leader._heartbeatTimer.setInterval [as _onTimeout] (E:\www\egg-qcs\node_modules\cluster-client\lib\leader.js:74:23)
    at ontimeout (timers.js:498:11)
    at tryOnTimeout (timers.js:323:5)
    at Timer.listOnTimeout (timers.js:290:5)
name: "ClusterClientNoResponseError"
pid: 8636
hostname: USER-20180711MK

2019-09-10 15:57:18,980 ERROR 8276 [-/192.168.2.168/-/2ms GET /sms/addSms?phone123123123] nodejs.TypeError: Cannot read property 'trim' of undefined
    at SmsController.addSms (E:\www\egg-qcs\app\controller\sms.js:22:31)
    at Object.callFn (E:\www\egg-qcs\node_modules\egg-core\lib\utils\index.js:46:21)
    at Object.classControllerMiddleware (E:\www\egg-qcs\node_modules\egg-core\lib\loader\mixin\controller.js:87:20)
    at Object.callFn (E:\www\egg-qcs\node_modules\egg-core\lib\utils\index.js:46:21)
    at wrappedController (E:\www\egg-qcs\node_modules\egg-core\lib\utils\router.js:322:18)
    at dispatch (E:\www\egg-qcs\node_modules\koa-router\node_modules\koa-compose\index.js:44:32)
    at next (E:\www\egg-qcs\node_modules\koa-router\node_modules\koa-compose\index.js:45:18)
    at E:\www\egg-qcs\node_modules\koa-router\lib\router.js:346:16
    at dispatch (E:\www\egg-qcs\node_modules\koa-router\node_modules\koa-compose\index.js:44:32)
    at E:\www\egg-qcs\node_modules\koa-router\node_modules\koa-compose\index.js:36:12
headers: {"Access-Control-Allow-Origin":"*"}
pid: 8276
hostname: USER-20180711MK

2019-09-10 15:57:31,682 ERROR 8276 [-/192.168.2.168/-/1ms GET /sms/addSms?phone12312312312] nodejs.TypeError: Cannot read property 'trim' of undefined
    at SmsController.addSms (E:\www\egg-qcs\app\controller\sms.js:22:31)
    at Object.callFn (E:\www\egg-qcs\node_modules\egg-core\lib\utils\index.js:46:21)
    at Object.classControllerMiddleware (E:\www\egg-qcs\node_modules\egg-core\lib\loader\mixin\controller.js:87:20)
    at Object.callFn (E:\www\egg-qcs\node_modules\egg-core\lib\utils\index.js:46:21)
    at wrappedController (E:\www\egg-qcs\node_modules\egg-core\lib\utils\router.js:322:18)
    at dispatch (E:\www\egg-qcs\node_modules\koa-router\node_modules\koa-compose\index.js:44:32)
    at next (E:\www\egg-qcs\node_modules\koa-router\node_modules\koa-compose\index.js:45:18)
    at E:\www\egg-qcs\node_modules\koa-router\lib\router.js:346:16
    at dispatch (E:\www\egg-qcs\node_modules\koa-router\node_modules\koa-compose\index.js:44:32)
    at E:\www\egg-qcs\node_modules\koa-router\node_modules\koa-compose\index.js:36:12
headers: {"Access-Control-Allow-Origin":"*"}
pid: 8276
hostname: USER-20180711MK

2019-09-10 17:31:18,270 ERROR 8276 [-/192.168.2.196/-/1ms GET /sms/querySms?13005497641=%27+13005497641] nodejs.TypeError: Cannot read property 'trim' of undefined
    at SmsController.querySms (E:\www\egg-qcs\app\controller\sms.js:76:31)
    at Object.callFn (E:\www\egg-qcs\node_modules\egg-core\lib\utils\index.js:46:21)
    at Object.classControllerMiddleware (E:\www\egg-qcs\node_modules\egg-core\lib\loader\mixin\controller.js:87:20)
    at Object.callFn (E:\www\egg-qcs\node_modules\egg-core\lib\utils\index.js:46:21)
    at wrappedController (E:\www\egg-qcs\node_modules\egg-core\lib\utils\router.js:322:18)
    at dispatch (E:\www\egg-qcs\node_modules\koa-router\node_modules\koa-compose\index.js:44:32)
    at next (E:\www\egg-qcs\node_modules\koa-router\node_modules\koa-compose\index.js:45:18)
    at E:\www\egg-qcs\node_modules\koa-router\lib\router.js:346:16
    at dispatch (E:\www\egg-qcs\node_modules\koa-router\node_modules\koa-compose\index.js:44:32)
    at E:\www\egg-qcs\node_modules\koa-router\node_modules\koa-compose\index.js:36:12

pid: 8276
hostname: USER-20180711MK

2019-09-10 17:49:28,383 ERROR 8276 [-/192.168.2.78/-/1ms GET /sms/querySms?+15735641594] nodejs.TypeError: Cannot read property 'trim' of undefined
    at SmsController.querySms (E:\www\egg-qcs\app\controller\sms.js:76:31)
    at Object.callFn (E:\www\egg-qcs\node_modules\egg-core\lib\utils\index.js:46:21)
    at Object.classControllerMiddleware (E:\www\egg-qcs\node_modules\egg-core\lib\loader\mixin\controller.js:87:20)
    at Object.callFn (E:\www\egg-qcs\node_modules\egg-core\lib\utils\index.js:46:21)
    at wrappedController (E:\www\egg-qcs\node_modules\egg-core\lib\utils\router.js:322:18)
    at dispatch (E:\www\egg-qcs\node_modules\koa-router\node_modules\koa-compose\index.js:44:32)
    at next (E:\www\egg-qcs\node_modules\koa-router\node_modules\koa-compose\index.js:45:18)
    at E:\www\egg-qcs\node_modules\koa-router\lib\router.js:346:16
    at dispatch (E:\www\egg-qcs\node_modules\koa-router\node_modules\koa-compose\index.js:44:32)
    at E:\www\egg-qcs\node_modules\koa-router\node_modules\koa-compose\index.js:36:12

pid: 8276
hostname: USER-20180711MK

2019-09-10 20:09:44,564 ERROR 8636 nodejs.ClusterClientNoResponseError: client no response in 330901ms exceeding maxIdleTime 60000ms, maybe the connection is close on other side.
    at Timeout.Leader._heartbeatTimer.setInterval [as _onTimeout] (E:\www\egg-qcs\node_modules\cluster-client\lib\leader.js:74:23)
    at ontimeout (timers.js:498:11)
    at tryOnTimeout (timers.js:323:5)
    at Timer.listOnTimeout (timers.js:290:5)
name: "ClusterClientNoResponseError"
pid: 8636
hostname: USER-20180711MK

2019-09-11 14:34:08,525 ERROR 8704 nodejs.ClusterClientNoResponseError: client no response in 2582938ms exceeding maxIdleTime 60000ms, maybe the connection is close on other side.
    at Timeout.Leader._heartbeatTimer.setInterval [as _onTimeout] (E:\www\egg-qcs\node_modules\cluster-client\lib\leader.js:74:23)
    at ontimeout (timers.js:498:11)
    at tryOnTimeout (timers.js:323:5)
    at Timer.listOnTimeout (timers.js:290:5)
name: "ClusterClientNoResponseError"
pid: 8704
hostname: USER-20180711MK

2019-09-11 20:54:15,509 ERROR 8704 nodejs.ClusterClientNoResponseError: client no response in 2325707ms exceeding maxIdleTime 60000ms, maybe the connection is close on other side.
    at Timeout.Leader._heartbeatTimer.setInterval [as _onTimeout] (E:\www\egg-qcs\node_modules\cluster-client\lib\leader.js:74:23)
    at ontimeout (timers.js:498:11)
    at tryOnTimeout (timers.js:323:5)
    at Timer.listOnTimeout (timers.js:290:5)
name: "ClusterClientNoResponseError"
pid: 8704
hostname: USER-20180711MK

