2019-09-10 09:53:21,432 ERROR 8276 [-/192.168.2.54/-/3ms GET /sms/addSms?] nodejs.TypeError: Cannot read property 'trim' of undefined
    at SmsController.addSms (E:\www\egg-qcs\app\controller\sms.js:22:31)
    at Object.callFn (E:\www\egg-qcs\node_modules\egg-core\lib\utils\index.js:46:21)
    at Object.classControllerMiddleware (E:\www\egg-qcs\node_modules\egg-core\lib\loader\mixin\controller.js:87:20)
    at Object.callFn (E:\www\egg-qcs\node_modules\egg-core\lib\utils\index.js:46:21)
    at wrappedController (E:\www\egg-qcs\node_modules\egg-core\lib\utils\router.js:322:18)
    at dispatch (E:\www\egg-qcs\node_modules\koa-router\node_modules\koa-compose\index.js:44:32)
    at next (E:\www\egg-qcs\node_modules\koa-router\node_modules\koa-compose\index.js:45:18)
    at E:\www\egg-qcs\node_modules\koa-router\lib\router.js:346:16
    at dispatch (E:\www\egg-qcs\node_modules\koa-router\node_modules\koa-compose\index.js:44:32)
    at E:\www\egg-qcs\node_modules\koa-router\node_modules\koa-compose\index.js:36:12

pid: 8276
hostname: USER-20180711MK

2019-09-10 10:34:12,242 ERROR 8276 [-/192.168.2.54/-/1ms GET /sms/querySms??phone=17328791304] nodejs.TypeError: Cannot read property 'trim' of undefined
    at SmsController.querySms (E:\www\egg-qcs\app\controller\sms.js:76:31)
    at Object.callFn (E:\www\egg-qcs\node_modules\egg-core\lib\utils\index.js:46:21)
    at Object.classControllerMiddleware (E:\www\egg-qcs\node_modules\egg-core\lib\loader\mixin\controller.js:87:20)
    at Object.callFn (E:\www\egg-qcs\node_modules\egg-core\lib\utils\index.js:46:21)
    at wrappedController (E:\www\egg-qcs\node_modules\egg-core\lib\utils\router.js:322:18)
    at dispatch (E:\www\egg-qcs\node_modules\koa-router\node_modules\koa-compose\index.js:44:32)
    at next (E:\www\egg-qcs\node_modules\koa-router\node_modules\koa-compose\index.js:45:18)
    at E:\www\egg-qcs\node_modules\koa-router\lib\router.js:346:16
    at dispatch (E:\www\egg-qcs\node_modules\koa-router\node_modules\koa-compose\index.js:44:32)
    at E:\www\egg-qcs\node_modules\koa-router\node_modules\koa-compose\index.js:36:12

pid: 8276
hostname: USER-20180711MK

2019-09-10 15:57:18,981 ERROR 8276 [-/192.168.2.168/-/2ms GET /sms/addSms?phone123123123] nodejs.TypeError: Cannot read property 'trim' of undefined
    at SmsController.addSms (E:\www\egg-qcs\app\controller\sms.js:22:31)
    at Object.callFn (E:\www\egg-qcs\node_modules\egg-core\lib\utils\index.js:46:21)
    at Object.classControllerMiddleware (E:\www\egg-qcs\node_modules\egg-core\lib\loader\mixin\controller.js:87:20)
    at Object.callFn (E:\www\egg-qcs\node_modules\egg-core\lib\utils\index.js:46:21)
    at wrappedController (E:\www\egg-qcs\node_modules\egg-core\lib\utils\router.js:322:18)
    at dispatch (E:\www\egg-qcs\node_modules\koa-router\node_modules\koa-compose\index.js:44:32)
    at next (E:\www\egg-qcs\node_modules\koa-router\node_modules\koa-compose\index.js:45:18)
    at E:\www\egg-qcs\node_modules\koa-router\lib\router.js:346:16
    at dispatch (E:\www\egg-qcs\node_modules\koa-router\node_modules\koa-compose\index.js:44:32)
    at E:\www\egg-qcs\node_modules\koa-router\node_modules\koa-compose\index.js:36:12
headers: {"Access-Control-Allow-Origin":"*"}
pid: 8276
hostname: USER-20180711MK

2019-09-10 15:57:31,682 ERROR 8276 [-/192.168.2.168/-/1ms GET /sms/addSms?phone12312312312] nodejs.TypeError: Cannot read property 'trim' of undefined
    at SmsController.addSms (E:\www\egg-qcs\app\controller\sms.js:22:31)
    at Object.callFn (E:\www\egg-qcs\node_modules\egg-core\lib\utils\index.js:46:21)
    at Object.classControllerMiddleware (E:\www\egg-qcs\node_modules\egg-core\lib\loader\mixin\controller.js:87:20)
    at Object.callFn (E:\www\egg-qcs\node_modules\egg-core\lib\utils\index.js:46:21)
    at wrappedController (E:\www\egg-qcs\node_modules\egg-core\lib\utils\router.js:322:18)
    at dispatch (E:\www\egg-qcs\node_modules\koa-router\node_modules\koa-compose\index.js:44:32)
    at next (E:\www\egg-qcs\node_modules\koa-router\node_modules\koa-compose\index.js:45:18)
    at E:\www\egg-qcs\node_modules\koa-router\lib\router.js:346:16
    at dispatch (E:\www\egg-qcs\node_modules\koa-router\node_modules\koa-compose\index.js:44:32)
    at E:\www\egg-qcs\node_modules\koa-router\node_modules\koa-compose\index.js:36:12
headers: {"Access-Control-Allow-Origin":"*"}
pid: 8276
hostname: USER-20180711MK

2019-09-10 17:31:18,271 ERROR 8276 [-/192.168.2.196/-/1ms GET /sms/querySms?13005497641=%27+13005497641] nodejs.TypeError: Cannot read property 'trim' of undefined
    at SmsController.querySms (E:\www\egg-qcs\app\controller\sms.js:76:31)
    at Object.callFn (E:\www\egg-qcs\node_modules\egg-core\lib\utils\index.js:46:21)
    at Object.classControllerMiddleware (E:\www\egg-qcs\node_modules\egg-core\lib\loader\mixin\controller.js:87:20)
    at Object.callFn (E:\www\egg-qcs\node_modules\egg-core\lib\utils\index.js:46:21)
    at wrappedController (E:\www\egg-qcs\node_modules\egg-core\lib\utils\router.js:322:18)
    at dispatch (E:\www\egg-qcs\node_modules\koa-router\node_modules\koa-compose\index.js:44:32)
    at next (E:\www\egg-qcs\node_modules\koa-router\node_modules\koa-compose\index.js:45:18)
    at E:\www\egg-qcs\node_modules\koa-router\lib\router.js:346:16
    at dispatch (E:\www\egg-qcs\node_modules\koa-router\node_modules\koa-compose\index.js:44:32)
    at E:\www\egg-qcs\node_modules\koa-router\node_modules\koa-compose\index.js:36:12

pid: 8276
hostname: USER-20180711MK

2019-09-10 17:49:28,384 ERROR 8276 [-/192.168.2.78/-/1ms GET /sms/querySms?+15735641594] nodejs.TypeError: Cannot read property 'trim' of undefined
    at SmsController.querySms (E:\www\egg-qcs\app\controller\sms.js:76:31)
    at Object.callFn (E:\www\egg-qcs\node_modules\egg-core\lib\utils\index.js:46:21)
    at Object.classControllerMiddleware (E:\www\egg-qcs\node_modules\egg-core\lib\loader\mixin\controller.js:87:20)
    at Object.callFn (E:\www\egg-qcs\node_modules\egg-core\lib\utils\index.js:46:21)
    at wrappedController (E:\www\egg-qcs\node_modules\egg-core\lib\utils\router.js:322:18)
    at dispatch (E:\www\egg-qcs\node_modules\koa-router\node_modules\koa-compose\index.js:44:32)
    at next (E:\www\egg-qcs\node_modules\koa-router\node_modules\koa-compose\index.js:45:18)
    at E:\www\egg-qcs\node_modules\koa-router\lib\router.js:346:16
    at dispatch (E:\www\egg-qcs\node_modules\koa-router\node_modules\koa-compose\index.js:44:32)
    at E:\www\egg-qcs\node_modules\koa-router\node_modules\koa-compose\index.js:36:12

pid: 8276
hostname: USER-20180711MK

